#
# A fatal error has been detected by the Java Runtime Environment:
#
#  SIGSEGV (0xb) at pc=0x00007f81240000a8, pid=23791, tid=140193095976704
#
# JRE version: Java(TM) SE Runtime Environment (8.0_20-b26) (build 1.8.0_20-b26)
# Java VM: Java HotSpot(TM) 64-Bit Server VM (25.20-b23 mixed mode linux-amd64 compressed oops)
# Problematic frame:
# C  0x00007f81240000a8
#
# Failed to write core dump. Core dumps have been disabled. To enable core dumping, try "ulimit -c unlimited" before starting Java again
#
# If you would like to submit a bug report, please visit:
#   http://bugreport.sun.com/bugreport/crash.jsp
#

---------------  T H R E A D  ---------------

Current thread (0x00007f81640ba000):  JavaThread "JDWP Transport Listener: dt_socket" daemon [_thread_in_vm, id=23808, stack(0x00007f813f9f8000,0x00007f813faf9000)]

siginfo: si_signo: 11 (SIGSEGV), si_code: 2 (SEGV_ACCERR), si_addr: 0x00007f81240000a8

Registers:
RAX=0x00007f81240000a8, RBX=0x00007f81240000b8, RCX=0x00007f816d41f320, RDX=0x00007f816c9fdfe0
RSP=0x00007f813faf7688, RBP=0x00007f813faf76a0, RSI=0x00007f81640ba000, RDI=0x00007f81240000b8
R8 =0x00007f81640bac80, R9 =0x0000000000000000, R10=0x0000000000000001, R11=0x00007f816cbafa30
R12=0x0000000000000017, R13=0x00007f81240000c8, R14=0x00007f81640ba000, R15=0x00007f813faf77a7
RIP=0x00007f81240000a8, EFLAGS=0x0000000000010206, CSGSFS=0x0000000000000033, ERR=0x0000000000000015
  TRAPNO=0x000000000000000e

Top of Stack: (sp=0x00007f813faf7688)
0x00007f813faf7688:   00007f816c3191a7 0000000000000074
0x00007f813faf7698:   00007f8164003450 00007f813faf7710
0x00007f813faf76a8:   00007f816c1ae78e 00007f8164003450
0x00007f813faf76b8:   00007f813faf76c0 00007f81640ba000
0x00007f813faf76c8:   0000000000000000 00007f8100000000
0x00007f813faf76d8:   0000000000000000 00007f813faf76f0
0x00007f813faf76e8:   00007f816b15cd60 00007f81240000c8
0x00007f813faf76f8:   00007f813faf77a7 0000000000000000
0x00007f813faf7708:   00007f813faf77a7 00007f813faf7740
0x00007f813faf7718:   00007f816af48872 00007f813faf7740
0x00007f813faf7728:   00007f81240000c8 00007f813faf7810
0x00007f813faf7738:   0000000000000000 00007f813faf77d0
0x00007f813faf7748:   00007f816af29a60 00007f813faf7788
0x00007f813faf7758:   00007f813faf7780 00007f813faf7778
0x00007f813faf7768:   00007f813faf779c 0000000124002fa0
0x00007f813faf7778:   0000000000000000 0000000000000000
0x00007f813faf7788:   0000000000000000 00007f8124007410
0x00007f813faf7798:   00007f813faf7810 0000000000000007
0x00007f813faf77a8:   0000000000000002 000000000000000f
0x00007f813faf77b8:   0000000000000002 00000000000f0200
0x00007f813faf77c8:   000000000000000f 00007f813faf7a20
0x00007f813faf77d8:   00007f816af34976 0000012500000013
0x00007f813faf77e8:   00007f816c0f0200 00007f811c000fb0
0x00007f813faf77f8:   0000000000000000 00007f813faf7810
0x00007f813faf7808:   00007f813faf79a0 00007f813faf7864
0x00007f813faf7818:   00007f8100000128 00007f813faf7828
0x00007f813faf7828:   0000000000000004 00007f813faf7860
0x00007f813faf7838:   0000000000000000 00007f0000000000
0x00007f813faf7848:   000001250000001c 00007f8100007980
0x00007f813faf7858:   00007f813faf7860 0000000107000000
0x00007f813faf7868:   0000000f00000000 7f00000f00000007
0x00007f813faf7878:   000000703c002481 3836394c00000000 

Instructions: (pc=0x00007f81240000a8)
0x00007f8124000088:   40 74 00 24 81 7f 00 00 40 74 00 24 81 7f 00 00
0x00007f8124000098:   88 00 00 24 81 7f 00 00 88 00 00 24 81 7f 00 00
0x00007f81240000a8:   98 00 00 24 81 7f 00 00 98 00 00 24 81 7f 00 00
0x00007f81240000b8:   a8 00 00 24 81 7f 00 00 a8 00 00 24 81 7f 00 00 

Register to memory mapping:

RAX=0x00007f81240000a8 is an unknown value
RBX=0x00007f81240000b8 is an unknown value
RCX=0x00007f816d41f320: <offset 0x219320> in /lib/x86_64-linux-gnu/libpthread.so.0 at 0x00007f816d206000
RDX=0x00007f816c9fdfe0: <offset 0xf57fe0> in /home/jzheaux/jdk1.8.0_20/jre/lib/amd64/server/libjvm.so at 0x00007f816baa6000
RSP=0x00007f813faf7688 is pointing into the stack for thread: 0x00007f81640ba000
RBP=0x00007f813faf76a0 is pointing into the stack for thread: 0x00007f81640ba000
RSI=0x00007f81640ba000 is a thread
RDI=0x00007f81240000b8 is an unknown value
R8 =0x00007f81640bac80 is an unknown value
R9 =0x0000000000000000 is an unknown value
R10=0x0000000000000001 is an unknown value
R11=0x00007f816cbafa30: <offset 0x187a30> in /lib/x86_64-linux-gnu/libc.so.6 at 0x00007f816ca28000
R12=0x0000000000000017 is an unknown value
R13=0x00007f81240000c8 is an unknown value
R14=0x00007f81640ba000 is a thread
R15=0x00007f813faf77a7 is pointing into the stack for thread: 0x00007f81640ba000


Stack: [0x00007f813f9f8000,0x00007f813faf9000],  sp=0x00007f813faf7688,  free space=1021k
Native frames: (J=compiled Java code, j=interpreted, Vv=VM code, C=native code)
C  0x00007f81240000a8
V  [libjvm.so+0x70878e]